<?xml version="1.0" encoding="UTF-8"?>
<!-- Generated by org.testng.reporters.JUnitReportReporter -->
<testsuite hostname="DESKTOP-VD6U0FK" name="com.acme.APITest" tests="2" failures="0" timestamp="30 Jan 2020 07:22:46 GMT" time="0.001" errors="0">
  <testcase name="postJira" time="0.001" classname="com.acme.APITest"/>
  <testcase name="deleteTwitter" time="0.000" classname="com.acme.APITest"/>
</testsuite> <!-- com.acme.APITest -->
