<?xml version="1.0" encoding="UTF-8"?>
<!-- Generated by org.testng.reporters.JUnitReportReporter -->
<testsuite hostname="DESKTOP-VD6U0FK" name="com.acme.SeleniumTest" tests="2" failures="0" timestamp="30 Jan 2020 07:22:46 GMT" time="0.002" errors="0">
  <testcase name="browserAutomation" time="0.001" classname="com.acme.SeleniumTest"/>
  <testcase name="uiElements" time="0.001" classname="com.acme.SeleniumTest"/>
</testsuite> <!-- com.acme.SeleniumTest -->
