<?xml version="1.0" encoding="UTF-8"?>
<!-- Generated by org.testng.reporters.JUnitReportReporter -->
<testsuite hostname="DESKTOP-VD6U0FK" name="com.acme.APITest" tests="2" failures="0" timestamp="5 Mar 2020 02:37:16 GMT" time="0.036" errors="0">
  <testcase name="postJira" time="0.001" classname="com.acme.APITest"/>
  <testcase name="deleteTwitter" time="0.035" classname="com.acme.APITest"/>
</testsuite> <!-- com.acme.APITest -->
