<?xml version="1.0" encoding="UTF-8"?>
<!-- Generated by org.testng.reporters.JUnitReportReporter -->
<testsuite hostname="DESKTOP-VD6U0FK" name="com.acme.AppiumTest" tests="2" failures="0" timestamp="30 Jan 2020 07:22:46 GMT" time="0.010" errors="0">
  <testcase name="iosApps" time="0.010" classname="com.acme.AppiumTest"/>
  <testcase name="nativeApps" time="0.000" classname="com.acme.AppiumTest"/>
</testsuite> <!-- com.acme.AppiumTest -->
