<?xml version="1.0" encoding="UTF-8"?>
<!-- Generated by org.testng.reporters.JUnitReportReporter -->
<testsuite hostname="DESKTOP-VD6U0FK" name="com.acme.APITest" tests="2" failures="0" timestamp="5 Mar 2020 01:53:44 GMT" time="0.090" errors="0">
  <testcase name="deleteTwitter" time="0.048" classname="com.acme.APITest"/>
  <testcase name="postJira" time="0.042" classname="com.acme.APITest"/>
</testsuite> <!-- com.acme.APITest -->
