<?xml version="1.0" encoding="UTF-8"?>
<!-- Generated by org.testng.reporters.JUnitReportReporter -->
<testsuite skipped="0" hostname="DESKTOP-VD6U0FK" name="com.acme.SeleniumTest" tests="2" failures="0" timestamp="2020-03-03T19:03:14 NZDT" time="0.004" errors="0">
  <testcase name="browserAutomation" time="0.004" classname="com.acme.SeleniumTest"/>
  <system-out/>
  <testcase name="uiElements" time="0.000" classname="com.acme.SeleniumTest"/>
  <system-out/>
</testsuite> <!-- com.acme.SeleniumTest -->
