<?xml version="1.0" encoding="UTF-8"?>
<!-- Generated by org.testng.reporters.JUnitReportReporter -->
<testsuite skipped="0" hostname="DESKTOP-VD6U0FK" name="com.acme.APITest" tests="2" failures="0" timestamp="2020-03-03T19:03:14 NZDT" time="0.000" errors="0">
  <testcase name="postJira" time="0.000" classname="com.acme.APITest"/>
  <system-out/>
  <testcase name="deleteTwitter" time="0.000" classname="com.acme.APITest"/>
  <system-out/>
</testsuite> <!-- com.acme.APITest -->
